[2022-01-06 15:51:42] local.EMERGENCY: File:/home/working/pos.working.trade/vendor/laravel/framework/src/Illuminate/Database/Eloquent/Builder.phpLine:454Message:No query results for model [App\Variation].  
[2022-01-06 15:53:47] local.EMERGENCY: File:/home/working/pos.working.trade/storage/framework/views/a545aa5155afecb17bd5679862e6c659c34b6159.phpLine:474Message:A non-numeric value encountered (View: /home/working/pos.working.trade/resources/views/sale_pos/receipts/classic.blade.php)  
[2022-01-06 15:53:50] local.EMERGENCY: File:/home/working/pos.working.trade/storage/framework/views/a545aa5155afecb17bd5679862e6c659c34b6159.phpLine:474Message:A non-numeric value encountered (View: /home/working/pos.working.trade/resources/views/sale_pos/receipts/classic.blade.php)  
[2022-01-06 15:53:52] local.EMERGENCY: File:/home/working/pos.working.trade/storage/framework/views/a545aa5155afecb17bd5679862e6c659c34b6159.phpLine:474Message:A non-numeric value encountered (View: /home/working/pos.working.trade/resources/views/sale_pos/receipts/classic.blade.php)  
[2022-01-06 15:56:06] local.EMERGENCY: File:/home/working/pos.working.trade/vendor/laravel/framework/src/Illuminate/Support/helpers.phpLine:613Message:htmlspecialchars() expects parameter 1 to be string, object given (View: /home/working/pos.working.trade/resources/views/sale_pos/receipts/classic.blade.php)  
[2022-01-06 15:56:11] local.EMERGENCY: File:/home/working/pos.working.trade/vendor/laravel/framework/src/Illuminate/Database/Eloquent/Builder.phpLine:454Message:No query results for model [App\Variation].  
[2022-01-06 15:59:27] local.EMERGENCY: File:/home/working/pos.working.trade/storage/framework/views/a545aa5155afecb17bd5679862e6c659c34b6159.phpLine:474Message:Trying to get property 'unit_price_inc_tax' of non-object (View: /home/working/pos.working.trade/resources/views/sale_pos/receipts/classic.blade.php)  
[2022-01-06 16:09:50] local.EMERGENCY: File:/home/working/pos.working.trade/storage/framework/views/a545aa5155afecb17bd5679862e6c659c34b6159.phpLine:483Message:syntax error, unexpected '{' (View: /home/working/pos.working.trade/resources/views/sale_pos/receipts/classic.blade.php)  
[2022-01-06 16:14:12] local.EMERGENCY: File:/home/working/pos.working.trade/storage/framework/views/a545aa5155afecb17bd5679862e6c659c34b6159.phpLine:439Message:syntax error, unexpected '@' (View: /home/working/pos.working.trade/resources/views/sale_pos/receipts/classic.blade.php)  
[2022-01-06 16:36:05] local.EMERGENCY: File:/home/working/pos.working.trade/vendor/laravel/framework/src/Illuminate/Database/Eloquent/Builder.phpLine:454Message:No query results for model [App\Variation].  
[2022-01-06 16:40:31] local.EMERGENCY: File:/home/working/pos.working.trade/vendor/laravel/framework/src/Illuminate/Database/Eloquent/Builder.phpLine:454Message:No query results for model [App\Variation].  
[2022-01-06 16:42:08] local.EMERGENCY: File:/home/working/pos.working.trade/vendor/laravel/framework/src/Illuminate/Database/Eloquent/Builder.phpLine:454Message:No query results for model [App\Variation].  
[2022-01-06 16:42:10] local.EMERGENCY: File:/home/working/pos.working.trade/vendor/laravel/framework/src/Illuminate/Database/Eloquent/Builder.phpLine:454Message:No query results for model [App\Variation].  
[2022-01-06 16:42:10] local.EMERGENCY: File:/home/working/pos.working.trade/vendor/laravel/framework/src/Illuminate/Database/Eloquent/Builder.phpLine:454Message:No query results for model [App\Variation].  
[2022-01-06 16:42:11] local.EMERGENCY: File:/home/working/pos.working.trade/vendor/laravel/framework/src/Illuminate/Database/Eloquent/Builder.phpLine:454Message:No query results for model [App\Variation].  
[2022-01-06 16:42:11] local.EMERGENCY: File:/home/working/pos.working.trade/vendor/laravel/framework/src/Illuminate/Database/Eloquent/Builder.phpLine:454Message:No query results for model [App\Variation].  
[2022-01-06 16:42:43] local.EMERGENCY: File:/home/working/pos.working.trade/vendor/laravel/framework/src/Illuminate/Database/Eloquent/Builder.phpLine:454Message:No query results for model [App\Variation].  
[2022-01-06 16:42:46] local.EMERGENCY: File:/home/working/pos.working.trade/vendor/laravel/framework/src/Illuminate/Database/Eloquent/Builder.phpLine:454Message:No query results for model [App\Variation].  
[2022-01-06 17:01:00] local.EMERGENCY: File:/home/working/pos.working.trade/storage/framework/views/a545aa5155afecb17bd5679862e6c659c34b6159.phpLine:486Message:Undefined property: stdClass::$tax_amount (View: /home/working/pos.working.trade/resources/views/sale_pos/receipts/classic.blade.php)  
[2022-01-06 17:50:40] local.EMERGENCY: File:/home/working/pos.working.trade/storage/framework/views/a545aa5155afecb17bd5679862e6c659c34b6159.phpLine:396Message:Undefined property: stdClass::$footer_logo (View: /home/working/pos.working.trade/resources/views/sale_pos/receipts/classic.blade.php)  
[2022-01-06 17:53:09] local.EMERGENCY: File:/home/working/pos.working.trade/storage/framework/views/a545aa5155afecb17bd5679862e6c659c34b6159.phpLine:395Message:Undefined property: stdClass::$footer_logo (View: /home/working/pos.working.trade/resources/views/sale_pos/receipts/classic.blade.php)  
[2022-01-06 17:55:36] local.EMERGENCY: File:/home/working/pos.working.trade/storage/framework/views/a545aa5155afecb17bd5679862e6c659c34b6159.phpLine:395Message:Undefined property: stdClass::$footer_logo (View: /home/working/pos.working.trade/resources/views/sale_pos/receipts/classic.blade.php)  
[2022-01-06 17:55:58] local.EMERGENCY: File:/home/working/pos.working.trade/storage/framework/views/a545aa5155afecb17bd5679862e6c659c34b6159.phpLine:395Message:Undefined property: stdClass::$footer_logo (View: /home/working/pos.working.trade/resources/views/sale_pos/receipts/classic.blade.php)  
[2022-01-06 17:56:07] local.EMERGENCY: File:/home/working/pos.working.trade/storage/framework/views/a545aa5155afecb17bd5679862e6c659c34b6159.phpLine:395Message:Undefined property: stdClass::$footer_logo (View: /home/working/pos.working.trade/resources/views/sale_pos/receipts/classic.blade.php)  
[2022-01-06 19:40:19] local.EMERGENCY: File:/home/working/pos.working.trade/vendor/laravel/framework/src/Illuminate/Database/Eloquent/Builder.phpLine:454Message:No query results for model [App\Variation].  
[2022-01-06 19:40:21] local.EMERGENCY: File:/home/working/pos.working.trade/vendor/laravel/framework/src/Illuminate/Database/Eloquent/Builder.phpLine:454Message:No query results for model [App\Variation].  
[2022-01-06 19:40:24] local.EMERGENCY: File:/home/working/pos.working.trade/vendor/laravel/framework/src/Illuminate/Database/Eloquent/Builder.phpLine:454Message:No query results for model [App\Variation].  
[2022-01-06 19:40:25] local.EMERGENCY: File:/home/working/pos.working.trade/vendor/laravel/framework/src/Illuminate/Database/Eloquent/Builder.phpLine:454Message:No query results for model [App\Variation].  
[2022-01-06 20:44:31] local.EMERGENCY: File:/home/working/pos.working.trade/app/Utils/TransactionUtil.phpLine:1304Message:Trying to get property 'amount' of non-object  
